<?xml version="1.0" encoding="UTF-8"?>
<testng-results ignored="0" total="5" passed="4" failed="1" skipped="0">
  <reporter-output>
  </reporter-output>
  <suite started-at="2023-03-19T16:47:20 IST" name="Default suite" finished-at="2023-03-19T16:49:41 IST" duration-ms="140851">
    <groups>
    </groups>
    <test started-at="2023-03-19T16:47:20 IST" name="Default test" finished-at="2023-03-19T16:49:41 IST" duration-ms="140851">
      <class name="Test_cases.Test_Cases">
        <test-method is-config="true" signature="extentreports()[pri:0, instance:Test_cases.Test_Cases@2145b572]" started-at="2023-03-19T16:47:20 IST" name="extentreports" finished-at="2023-03-19T16:47:20 IST" duration-ms="145" status="PASS">
          <reporter-output>
          </reporter-output>
        </test-method> <!-- extentreports -->
        <test-method is-config="true" signature="startup()[pri:0, instance:Test_cases.Test_Cases@2145b572]" started-at="2023-03-19T16:47:20 IST" name="startup" finished-at="2023-03-19T16:47:28 IST" duration-ms="7707" status="PASS">
          <reporter-output>
          </reporter-output>
        </test-method> <!-- startup -->
        <test-method signature="loginwithvalid()[pri:1, instance:Test_cases.Test_Cases@2145b572]" started-at="2023-03-19T16:47:28 IST" name="loginwithvalid" finished-at="2023-03-19T16:47:30 IST" duration-ms="2743" status="PASS">
          <reporter-output>
          </reporter-output>
        </test-method> <!-- loginwithvalid -->
        <test-method is-config="true" signature="close()[pri:0, instance:Test_cases.Test_Cases@2145b572]" started-at="2023-03-19T16:47:30 IST" name="close" finished-at="2023-03-19T16:47:31 IST" duration-ms="585" status="PASS">
          <reporter-output>
          </reporter-output>
        </test-method> <!-- close -->
        <test-method is-config="true" signature="startup()[pri:0, instance:Test_cases.Test_Cases@2145b572]" started-at="2023-03-19T16:47:31 IST" name="startup" finished-at="2023-03-19T16:47:38 IST" duration-ms="6778" status="PASS">
          <reporter-output>
          </reporter-output>
        </test-method> <!-- startup -->
        <test-method signature="loginwith_invalid()[pri:2, instance:Test_cases.Test_Cases@2145b572]" started-at="2023-03-19T16:47:38 IST" name="loginwith_invalid" finished-at="2023-03-19T16:47:40 IST" duration-ms="2488" status="PASS">
          <reporter-output>
          </reporter-output>
        </test-method> <!-- loginwith_invalid -->
        <test-method is-config="true" signature="close()[pri:0, instance:Test_cases.Test_Cases@2145b572]" started-at="2023-03-19T16:47:40 IST" name="close" finished-at="2023-03-19T16:47:41 IST" duration-ms="317" status="PASS">
          <reporter-output>
          </reporter-output>
        </test-method> <!-- close -->
        <test-method is-config="true" signature="startup()[pri:0, instance:Test_cases.Test_Cases@2145b572]" started-at="2023-03-19T16:47:41 IST" name="startup" finished-at="2023-03-19T16:47:48 IST" duration-ms="6971" status="PASS">
          <reporter-output>
          </reporter-output>
        </test-method> <!-- startup -->
        <test-method signature="Pimtestpage()[pri:3, instance:Test_cases.Test_Cases@2145b572]" started-at="2023-03-19T16:47:48 IST" name="Pimtestpage" finished-at="2023-03-19T16:47:58 IST" duration-ms="10637" status="PASS">
          <reporter-output>
          </reporter-output>
        </test-method> <!-- Pimtestpage -->
        <test-method is-config="true" signature="close()[pri:0, instance:Test_cases.Test_Cases@2145b572]" started-at="2023-03-19T16:47:58 IST" name="close" finished-at="2023-03-19T16:47:59 IST" duration-ms="479" status="PASS">
          <reporter-output>
          </reporter-output>
        </test-method> <!-- close -->
        <test-method is-config="true" signature="startup()[pri:0, instance:Test_cases.Test_Cases@2145b572]" started-at="2023-03-19T16:47:59 IST" name="startup" finished-at="2023-03-19T16:48:07 IST" duration-ms="7781" status="PASS">
          <reporter-output>
          </reporter-output>
        </test-method> <!-- startup -->
        <test-method signature="TC_PMI_02()[pri:4, instance:Test_cases.Test_Cases@2145b572]" started-at="2023-03-19T16:48:07 IST" name="TC_PMI_02" finished-at="2023-03-19T16:48:15 IST" duration-ms="8365" status="PASS">
          <reporter-output>
          </reporter-output>
        </test-method> <!-- TC_PMI_02 -->
        <test-method is-config="true" signature="close()[pri:0, instance:Test_cases.Test_Cases@2145b572]" started-at="2023-03-19T16:48:15 IST" name="close" finished-at="2023-03-19T16:48:15 IST" duration-ms="461" status="PASS">
          <reporter-output>
          </reporter-output>
        </test-method> <!-- close -->
        <test-method is-config="true" signature="startup()[pri:0, instance:Test_cases.Test_Cases@2145b572]" started-at="2023-03-19T16:48:15 IST" name="startup" finished-at="2023-03-19T16:48:20 IST" duration-ms="4448" status="PASS">
          <reporter-output>
          </reporter-output>
        </test-method> <!-- startup -->
        <test-method signature="TC_PMI_03()[pri:5, instance:Test_cases.Test_Cases@2145b572]" started-at="2023-03-19T16:48:20 IST" name="TC_PMI_03" finished-at="2023-03-19T16:49:40 IST" duration-ms="80553" status="FAIL">
          <exception class="org.openqa.selenium.NoSuchElementException">
            <message>
              <![CDATA[Cannot locate an element using xpath=//div//p[text()='Are you Sure?']//following::i
For documentation on this error, please visit: https://www.seleniumhq.org/exceptions/no_such_element.html
Build info: version: '3.141.59', revision: 'e82be7d358', time: '2018-11-14T08:17:03'
System info: host: 'MANO', ip: '192.168.181.117', os.name: 'Windows 11', os.arch: 'amd64', os.version: '10.0', java.version: '19'
Driver info: driver.version: RemoteWebDriver]]>
            </message>
            <full-stacktrace>
              <![CDATA[org.openqa.selenium.NoSuchElementException: Cannot locate an element using xpath=//div//p[text()='Are you Sure?']//following::i
For documentation on this error, please visit: https://www.seleniumhq.org/exceptions/no_such_element.html
Build info: version: '3.141.59', revision: 'e82be7d358', time: '2018-11-14T08:17:03'
System info: host: 'MANO', ip: '192.168.181.117', os.name: 'Windows 11', os.arch: 'amd64', os.version: '10.0', java.version: '19'
Driver info: driver.version: RemoteWebDriver
at org.openqa.selenium.remote.RemoteWebDriver.findElement(RemoteWebDriver.java:327)
at org.openqa.selenium.remote.RemoteWebDriver.findElementByXPath(RemoteWebDriver.java:428)
at org.openqa.selenium.By$ByXPath.findElement(By.java:353)
at org.openqa.selenium.remote.RemoteWebDriver.findElement(RemoteWebDriver.java:315)
at org.openqa.selenium.support.pagefactory.DefaultElementLocator.findElement(DefaultElementLocator.java:69)
at org.openqa.selenium.support.pagefactory.internal.LocatingElementHandler.invoke(LocatingElementHandler.java:38)
at jdk.proxy2/jdk.proxy2.$Proxy14.isDisplayed(Unknown Source)
at Pages.PMI_page.PMI_page_3(PMI_page.java:194)
at Test_cases.Test_Cases.TC_PMI_03(Test_Cases.java:37)
at java.base/jdk.internal.reflect.DirectMethodHandleAccessor.invoke(DirectMethodHandleAccessor.java:104)
at java.base/java.lang.reflect.Method.invoke(Method.java:578)
at org.testng.internal.MethodInvocationHelper.invokeMethod(MethodInvocationHelper.java:133)
at org.testng.internal.TestInvoker.invokeMethod(TestInvoker.java:598)
at org.testng.internal.TestInvoker.invokeTestMethod(TestInvoker.java:173)
at org.testng.internal.MethodRunner.runInSequence(MethodRunner.java:46)
at org.testng.internal.TestInvoker$MethodInvocationAgent.invoke(TestInvoker.java:824)
at org.testng.internal.TestInvoker.invokeTestMethods(TestInvoker.java:146)
at org.testng.internal.TestMethodWorker.invokeTestMethods(TestMethodWorker.java:146)
at org.testng.internal.TestMethodWorker.run(TestMethodWorker.java:128)
at java.base/java.util.ArrayList.forEach(ArrayList.java:1511)
at org.testng.TestRunner.privateRun(TestRunner.java:794)
at org.testng.TestRunner.run(TestRunner.java:596)
at org.testng.SuiteRunner.runTest(SuiteRunner.java:377)
at org.testng.SuiteRunner.runSequentially(SuiteRunner.java:371)
at org.testng.SuiteRunner.privateRun(SuiteRunner.java:332)
at org.testng.SuiteRunner.run(SuiteRunner.java:276)
at org.testng.SuiteRunnerWorker.runSuite(SuiteRunnerWorker.java:53)
at org.testng.SuiteRunnerWorker.run(SuiteRunnerWorker.java:96)
at org.testng.TestNG.runSuitesSequentially(TestNG.java:1212)
at org.testng.TestNG.runSuitesLocally(TestNG.java:1134)
at org.testng.TestNG.runSuites(TestNG.java:1063)
at org.testng.TestNG.run(TestNG.java:1031)
at org.testng.remote.AbstractRemoteTestNG.run(AbstractRemoteTestNG.java:115)
at org.testng.remote.RemoteTestNG.initAndRun(RemoteTestNG.java:251)
at org.testng.remote.RemoteTestNG.main(RemoteTestNG.java:77)
]]>
            </full-stacktrace>
          </exception> <!-- org.openqa.selenium.NoSuchElementException -->
          <reporter-output>
          </reporter-output>
        </test-method> <!-- TC_PMI_03 -->
        <test-method is-config="true" signature="close()[pri:0, instance:Test_cases.Test_Cases@2145b572]" started-at="2023-03-19T16:49:40 IST" name="close" finished-at="2023-03-19T16:49:41 IST" duration-ms="306" status="PASS">
          <reporter-output>
          </reporter-output>
        </test-method> <!-- close -->
        <test-method is-config="true" signature="extentreportclcose()[pri:0, instance:Test_cases.Test_Cases@2145b572]" started-at="2023-03-19T16:49:41 IST" name="extentreportclcose" finished-at="2023-03-19T16:49:41 IST" duration-ms="44" status="PASS">
          <reporter-output>
          </reporter-output>
        </test-method> <!-- extentreportclcose -->
      </class> <!-- Test_cases.Test_Cases -->
    </test> <!-- Default test -->
  </suite> <!-- Default suite -->
</testng-results>
